  snake.cpp
D:\c++ coding\snake_project_23(complete)\snake_project_23\snake.cpp(77,28): warning C4244: 'argument': conversion from 'int' to 'float', possible loss of data
D:\c++ coding\snake_project_23(complete)\snake_project_23\snake.cpp(77,20): warning C4244: 'argument': conversion from 'int' to 'float', possible loss of data
D:\c++ coding\snake_project_23(complete)\snake_project_23\snake.cpp(82,27): warning C4244: 'argument': conversion from 'int' to 'float', possible loss of data
D:\c++ coding\snake_project_23(complete)\snake_project_23\snake.cpp(82,19): warning C4244: 'argument': conversion from 'int' to 'float', possible loss of data
D:\c++ coding\snake_project_23(complete)\snake_project_23\snake.cpp(101,28): warning C4244: 'argument': conversion from 'int' to 'float', possible loss of data
D:\c++ coding\snake_project_23(complete)\snake_project_23\snake.cpp(101,20): warning C4244: 'argument': conversion from 'int' to 'float', possible loss of data
D:\c++ coding\snake_project_23(complete)\snake_project_23\snake.cpp(121,1): warning C4326: return type of 'main' should be 'int' instead of 'void'
D:\c++ coding\snake_project_23(complete)\snake_project_23\snake.cpp(217,34): warning C4305: 'argument': truncation from 'double' to 'float'
D:\c++ coding\snake_project_23(complete)\snake_project_23\snake.cpp(217,29): warning C4305: 'argument': truncation from 'double' to 'float'
D:\c++ coding\snake_project_23(complete)\snake_project_23\snake.cpp(219,125): warning C4244: 'argument': conversion from 'double' to 'float', possible loss of data
D:\c++ coding\snake_project_23(complete)\snake_project_23\snake.cpp(219,74): warning C4244: 'argument': conversion from 'double' to 'float', possible loss of data
D:\c++ coding\snake_project_23(complete)\snake_project_23\snake.cpp(222,42): warning C4305: 'argument': truncation from 'double' to 'T'
          with
          [
              T=float
          ]
D:\c++ coding\snake_project_23(complete)\snake_project_23\snake.cpp(222,37): warning C4305: 'argument': truncation from 'double' to 'T'
          with
          [
              T=float
          ]
D:\c++ coding\snake_project_23(complete)\snake_project_23\snake.cpp(224,131): warning C4244: 'argument': conversion from 'double' to 'float', possible loss of data
D:\c++ coding\snake_project_23(complete)\snake_project_23\snake.cpp(224,78): warning C4244: 'argument': conversion from 'double' to 'float', possible loss of data
D:\c++ coding\snake_project_23(complete)\snake_project_23\snake.cpp(227,40): warning C4305: 'argument': truncation from 'double' to 'T'
          with
          [
              T=float
          ]
D:\c++ coding\snake_project_23(complete)\snake_project_23\snake.cpp(227,35): warning C4305: 'argument': truncation from 'double' to 'T'
          with
          [
              T=float
          ]
D:\c++ coding\snake_project_23(complete)\snake_project_23\snake.cpp(229,125): warning C4244: 'argument': conversion from 'double' to 'float', possible loss of data
D:\c++ coding\snake_project_23(complete)\snake_project_23\snake.cpp(229,74): warning C4244: 'argument': conversion from 'double' to 'float', possible loss of data
D:\c++ coding\snake_project_23(complete)\snake_project_23\snake.cpp(235,35): warning C4305: 'argument': truncation from 'double' to 'T'
          with
          [
              T=float
          ]
D:\c++ coding\snake_project_23(complete)\snake_project_23\snake.cpp(235,30): warning C4305: 'argument': truncation from 'double' to 'T'
          with
          [
              T=float
          ]
D:\c++ coding\snake_project_23(complete)\snake_project_23\snake.cpp(355,16): warning C4267: 'initializing': conversion from 'size_t' to 'int', possible loss of data
  snake_project_23.vcxproj -> D:\c++ coding\snake_project_23(complete)\x64\Debug\snake_project_23.exe
